c:\users\administrator\desktop\cppproject2025\ch9\x64\debug\vc143.pdb
c:\users\administrator\desktop\cppproject2025\ch9\x64\debug\vc143.idb
c:\users\administrator\desktop\cppproject2025\ch9\x64\debug\main.obj
c:\users\administrator\desktop\cppproject2025\ch9\x64\debug\monster.obj
c:\users\administrator\desktop\cppproject2025\ch9\x64\debug\monsterhandler.obj
c:\users\bungj\desktop\cppproject2025\ch9\x64\debug\vc143.pdb
c:\users\bungj\desktop\cppproject2025\ch9\x64\debug\vc143.idb
c:\users\bungj\desktop\cppproject2025\ch9\x64\debug\playerstat.obj
c:\users\bungj\desktop\cppproject2025\ch9\x64\debug\monsterhandler.obj
c:\users\bungj\desktop\cppproject2025\ch9\x64\debug\monster.obj
c:\users\bungj\desktop\cppproject2025\ch9\x64\debug\main.obj
c:\users\bungj\desktop\cppproject2025\ch9\x64\debug\hero.obj
c:\users\bungj\desktop\cppproject2025\ch9\x64\debug\gamesynergy.obj
c:\users\administrator\desktop\cppproject2025\projectcpp\x64\debug\ch9.exe
c:\users\administrator\desktop\cppproject2025\ch9\x64\debug\ch9.ilk
c:\users\administrator\desktop\cppproject2025\projectcpp\x64\debug\ch9.pdb
c:\users\bungj\desktop\cppproject2025\ch9\x64\debug\ch9.ilk
c:\users\bungj\desktop\cppproject2025\projectcpp\x64\debug\ch9.pdb
c:\users\bungj\desktop\cppproject2025\projectcpp\x64\debug\ch9.exe
c:\users\bungj\desktop\cppproject2025\ch9\x64\debug\ch9.tlog\cl.command.1.tlog
c:\users\bungj\desktop\cppproject2025\ch9\x64\debug\ch9.tlog\cl.items.tlog
c:\users\bungj\desktop\cppproject2025\ch9\x64\debug\ch9.tlog\cl.read.1.tlog
c:\users\bungj\desktop\cppproject2025\ch9\x64\debug\ch9.tlog\cl.write.1.tlog
c:\users\bungj\desktop\cppproject2025\ch9\x64\debug\ch9.tlog\link.command.1.tlog
c:\users\bungj\desktop\cppproject2025\ch9\x64\debug\ch9.tlog\link.read.1.tlog
c:\users\bungj\desktop\cppproject2025\ch9\x64\debug\ch9.tlog\link.write.1.tlog
