c:\users\administrator\desktop\cppproject2025\ch12\x64\debug\vc143.pdb
c:\users\administrator\desktop\cppproject2025\ch12\x64\debug\vc143.idb
c:\users\administrator\desktop\cppproject2025\ch12\x64\debug\main.obj
c:\users\bungj\desktop\cppproject2025\ch12\x64\debug\vc143.pdb
c:\users\bungj\desktop\cppproject2025\ch12\x64\debug\vc143.idb
c:\users\bungj\desktop\cppproject2025\ch12\x64\debug\utility.obj
c:\users\bungj\desktop\cppproject2025\ch12\x64\debug\soundutil.obj
c:\users\bungj\desktop\cppproject2025\ch12\x64\debug\runner2.obj
c:\users\bungj\desktop\cppproject2025\ch12\x64\debug\main.obj
c:\users\administrator\desktop\cppproject2025\ch12\x64\debug\ch12.ilk
c:\users\administrator\desktop\cppproject2025\projectcpp\x64\debug\ch12.exe
c:\users\administrator\desktop\cppproject2025\projectcpp\x64\debug\ch12.pdb
c:\users\bungj\desktop\cppproject2025\projectcpp\x64\debug\ch12.pdb
c:\users\bungj\desktop\cppproject2025\ch12\x64\debug\ch12.tlog\cl.command.1.tlog
c:\users\bungj\desktop\cppproject2025\ch12\x64\debug\ch12.tlog\cl.items.tlog
c:\users\bungj\desktop\cppproject2025\ch12\x64\debug\ch12.tlog\cl.read.1.tlog
c:\users\bungj\desktop\cppproject2025\ch12\x64\debug\ch12.tlog\cl.write.1.tlog
c:\users\bungj\desktop\cppproject2025\ch12\x64\debug\ch12.tlog\link-cvtres.read.1.tlog
c:\users\bungj\desktop\cppproject2025\ch12\x64\debug\ch12.tlog\link-cvtres.write.1.tlog
c:\users\bungj\desktop\cppproject2025\ch12\x64\debug\ch12.tlog\link-rc.read.1.tlog
c:\users\bungj\desktop\cppproject2025\ch12\x64\debug\ch12.tlog\link-rc.write.1.tlog
c:\users\bungj\desktop\cppproject2025\ch12\x64\debug\ch12.tlog\link.command.1.tlog
c:\users\bungj\desktop\cppproject2025\ch12\x64\debug\ch12.tlog\link.read.1.tlog
c:\users\bungj\desktop\cppproject2025\ch12\x64\debug\ch12.tlog\link.read.2.tlog
c:\users\bungj\desktop\cppproject2025\ch12\x64\debug\ch12.tlog\link.read.3.tlog
c:\users\bungj\desktop\cppproject2025\ch12\x64\debug\ch12.tlog\link.read.4.tlog
c:\users\bungj\desktop\cppproject2025\ch12\x64\debug\ch12.tlog\link.write.1.tlog
