c:\users\bungj\desktop\cppproject2025\ch11\x64\debug\vc143.pdb
c:\users\bungj\desktop\cppproject2025\ch11\x64\debug\vc143.idb
c:\users\bungj\desktop\cppproject2025\ch11\x64\debug\utility.obj
c:\users\bungj\desktop\cppproject2025\ch11\x64\debug\shopitem.obj
c:\users\bungj\desktop\cppproject2025\ch11\x64\debug\runner.obj
c:\users\bungj\desktop\cppproject2025\ch11\x64\debug\main.obj
c:\users\bungj\desktop\cppproject2025\ch11\x64\debug\gamemanger.obj
c:\users\bungj\desktop\cppproject2025\ch11\x64\debug\base.obj
c:\users\bungj\desktop\cppproject2025\projectcpp\x64\debug\ch11.exe
c:\users\bungj\desktop\cppproject2025\projectcpp\x64\debug\ch11.pdb
c:\users\bungj\desktop\cppproject2025\ch11\x64\debug\ch11.ilk
c:\users\bungj\desktop\cppproject2025\ch11\x64\debug\gamemanager.obj
c:\users\bungj\desktop\cppproject2025\ch11\x64\debug\ch11.tlog\cl.command.1.tlog
c:\users\bungj\desktop\cppproject2025\ch11\x64\debug\ch11.tlog\cl.items.tlog
c:\users\bungj\desktop\cppproject2025\ch11\x64\debug\ch11.tlog\cl.read.1.tlog
c:\users\bungj\desktop\cppproject2025\ch11\x64\debug\ch11.tlog\cl.write.1.tlog
c:\users\bungj\desktop\cppproject2025\ch11\x64\debug\ch11.tlog\link.command.1.tlog
c:\users\bungj\desktop\cppproject2025\ch11\x64\debug\ch11.tlog\link.read.1.tlog
c:\users\bungj\desktop\cppproject2025\ch11\x64\debug\ch11.tlog\link.secondary.1.tlog
c:\users\bungj\desktop\cppproject2025\ch11\x64\debug\ch11.tlog\link.write.1.tlog
