c:\users\administrator\desktop\cppproject2025\ch6\x64\debug\vc143.pdb
c:\users\administrator\desktop\cppproject2025\ch6\x64\debug\vc143.idb
c:\users\administrator\desktop\cppproject2025\ch6\x64\debug\main.obj
c:\users\administrator\desktop\cppproject2025\ch6\x64\debug\oop.obj
c:\users\bungj\desktop\cppproject2025\ch6\x64\debug\vc143.pdb
c:\users\bungj\desktop\cppproject2025\ch6\x64\debug\vc143.idb
c:\users\bungj\desktop\cppproject2025\ch6\x64\debug\oop.obj
c:\users\bungj\desktop\cppproject2025\ch6\x64\debug\main.obj
c:\users\administrator\desktop\cppproject2025\projectcpp\x64\debug\ch6.exe
c:\users\administrator\desktop\cppproject2025\ch6\x64\debug\ch6.ilk
c:\users\administrator\desktop\cppproject2025\projectcpp\x64\debug\ch6.pdb
c:\users\bungj\desktop\cppproject2025\ch6\x64\debug\ch6.ilk
c:\users\bungj\desktop\cppproject2025\projectcpp\x64\debug\ch6.pdb
c:\users\bungj\desktop\cppproject2025\projectcpp\x64\debug\ch6.exe
c:\users\bungj\desktop\cppproject2025\ch6\x64\debug\ch6.tlog\cl.command.1.tlog
c:\users\bungj\desktop\cppproject2025\ch6\x64\debug\ch6.tlog\cl.items.tlog
c:\users\bungj\desktop\cppproject2025\ch6\x64\debug\ch6.tlog\cl.read.1.tlog
c:\users\bungj\desktop\cppproject2025\ch6\x64\debug\ch6.tlog\cl.write.1.tlog
c:\users\bungj\desktop\cppproject2025\ch6\x64\debug\ch6.tlog\link.command.1.tlog
c:\users\bungj\desktop\cppproject2025\ch6\x64\debug\ch6.tlog\link.read.1.tlog
c:\users\bungj\desktop\cppproject2025\ch6\x64\debug\ch6.tlog\link.write.1.tlog
